2026-06-30 17:19:00 | INFO | src.main | Using project root: C:\Users\admin\OneDrive\Desktop\video-builder\playphrase-video-builder
2026-06-30 17:19:01 | INFO | src.search | Opening PlayPhrase search for 'nice to meet you'
2026-06-30 17:19:13 | ERROR | asyncio | Exception in callback AsyncIOEventEmitter._emit_run.<locals>.callback() at C:\Users\admin\OneDrive\Desktop\video-builder\playphrase-video-builder\.venv\Lib\site-packages\pyee\asyncio.py:97
handle: <Handle AsyncIOEventEmitter._emit_run.<locals>.callback() at C:\Users\admin\OneDrive\Desktop\video-builder\playphrase-video-builder\.venv\Lib\site-packages\pyee\asyncio.py:97>
Traceback (most recent call last):
  File "C:\Users\admin\AppData\Local\Programs\Python\Python314\Lib\asyncio\events.py", line 94, in _run
    self._context.run(self._callback, *self._args)
    ~~~~~~~~~~~~~~~~~^^^^^^^^^^^^^^^^^^^^^^^^^^^^^
  File "C:\Users\admin\OneDrive\Desktop\video-builder\playphrase-video-builder\.venv\Lib\site-packages\pyee\asyncio.py", line 105, in callback
    self.emit("error", exc)
    ~~~~~~~~~^^^^^^^^^^^^^^
  File "C:\Users\admin\OneDrive\Desktop\video-builder\playphrase-video-builder\.venv\Lib\site-packages\pyee\asyncio.py", line 70, in emit
    return super().emit(event, *args, **kwargs)
           ~~~~~~~~~~~~^^^^^^^^^^^^^^^^^^^^^^^^
  File "C:\Users\admin\OneDrive\Desktop\video-builder\playphrase-video-builder\.venv\Lib\site-packages\pyee\base.py", line 223, in emit
    self._emit_handle_potential_error(event, args[0] if args else None)
    ~~~~~~~~~~~~~~~~~~~~~~~~~~~~~~~~~^^^^^^^^^^^^^^^^^^^^^^^^^^^^^^^^^^
  File "C:\Users\admin\OneDrive\Desktop\video-builder\playphrase-video-builder\.venv\Lib\site-packages\pyee\base.py", line 181, in _emit_handle_potential_error
    raise error
  File "C:\Users\admin\OneDrive\Desktop\video-builder\playphrase-video-builder\src\search.py", line 155, in handle_response
    clips = await self._extract_api_clips_from_response(response)
            ^^^^^^^^^^^^^^^^^^^^^^^^^^^^^^^^^^^^^^^^^^^^^^^^^^^^^
  File "C:\Users\admin\OneDrive\Desktop\video-builder\playphrase-video-builder\src\search.py", line 311, in _extract_api_clips_from_response
    return self._extract_api_clips(data)
           ~~~~~~~~~~~~~~~~~~~~~~~^^^^^^
  File "C:\Users\admin\OneDrive\Desktop\video-builder\playphrase-video-builder\src\search.py", line 321, in _extract_api_clips
    for item in phrases[:limit]:
                         ^^^^^
NameError: name 'limit' is not defined. Did you mean: 'list'?
2026-06-30 17:19:29 | WARNING | src.search | PlayPhrase API fetch failed; falling back to DOM collection: Page.evaluate: Error: PlayPhrase API returned 403
    at eval (eval at evaluate (:303:30), <anonymous>:7:27)
    at async <anonymous>:329:30
2026-06-30 17:20:40 | INFO | src.search | Found 3 downloadable clips
